[1/9] Performing build step for 'bootloader'
[1/1] cmd.exe /C "cd /D D:\esp\esp_OTA_SMT32\build\bootloader\esp-idf\esptool_py && C:\Espressif\python_env\idf5.3_py3.11_env\Scripts\python.exe C:/Espressif/frameworks/esp-idf-v5.3/components/partition_table/check_sizes.py --offset 0x8000 bootloader 0x1000 D:/esp/esp_OTA_SMT32/build/bootloader/bootloader.bin"
Bootloader binary size 0x6880 bytes. 0x780 bytes (7%) free.
[2/7] Building C object esp-idf/main/CMakeFiles/__idf_main.dir/esp_OTA_SMT32.c.obj
D:/esp/esp_OTA_SMT32/main/esp_OTA_SMT32.c: In function 'app_main':
D:/esp/esp_OTA_SMT32/main/esp_OTA_SMT32.c:61:17: warning: unused variable 'data' [-Wunused-variable]
   61 |         uint8_t data[] = {0x01,0x02,0x03};
      |                 ^~~~
[3/7] Linking C static library esp-idf\main\libmain.a
[4/7] Generating ld/sections.ld
[5/7] Linking CXX executable esp_OTA_SMT32.elf
FAILED: esp_OTA_SMT32.elf 
cmd.exe /C "cd . && C:\Espressif\tools\xtensa-esp-elf\esp-13.2.0_20240530\xtensa-esp-elf\bin\xtensa-esp32-elf-g++.exe -mlongcalls -Wno-frame-address  -fno-builtin-memcpy -fno-builtin-memset -fno-builtin-bzero -fno-builtin-stpcpy -fno-builtin-strncpy -Wl,--cref -Wl,--defsym=IDF_TARGET_ESP32=0 -Wl,--Map=D:/esp/esp_OTA_SMT32/build/esp_OTA_SMT32.map -Wl,--no-warn-rwx-segments -fno-rtti -fno-lto -Wl,--gc-sections -Wl,--warn-common -T esp32.peripherals.ld -T esp32.rom.ld -T esp32.rom.api.ld -T esp32.rom.libgcc.ld -T esp32.rom.newlib-data.ld -T esp32.rom.syscalls.ld -T esp32.rom.newlib-funcs.ld -T memory.ld -T sections.ld @CMakeFiles\esp_OTA_SMT32.elf.rsp -o esp_OTA_SMT32.elf  && cd ."
C:/Espressif/tools/xtensa-esp-elf/esp-13.2.0_20240530/xtensa-esp-elf/bin/../lib/gcc/xtensa-esp-elf/13.2.0/../../../../xtensa-esp-elf/bin/ld.exe: esp-idf/hostBootloader/libhostBootloader.a(hostBootloader.c.obj): in function `min_tx_start':
D:/esp/esp_OTA_SMT32/component/hostBootloader/hostBootloader.c:9: multiple definition of `min_tx_start'; esp-idf/main/libmain.a(esp_OTA_SMT32.c.obj):D:/esp/esp_OTA_SMT32/main/esp_OTA_SMT32.c:10: first defined here
C:/Espressif/tools/xtensa-esp-elf/esp-13.2.0_20240530/xtensa-esp-elf/bin/../lib/gcc/xtensa-esp-elf/13.2.0/../../../../xtensa-esp-elf/bin/ld.exe: esp-idf/hostBootloader/libhostBootloader.a(hostBootloader.c.obj): in function `min_tx_finished':
D:/esp/esp_OTA_SMT32/component/hostBootloader/hostBootloader.c:12: multiple definition of `min_tx_finished'; esp-idf/main/libmain.a(esp_OTA_SMT32.c.obj):D:/esp/esp_OTA_SMT32/main/esp_OTA_SMT32.c:13: first defined here
C:/Espressif/tools/xtensa-esp-elf/esp-13.2.0_20240530/xtensa-esp-elf/bin/../lib/gcc/xtensa-esp-elf/13.2.0/../../../../xtensa-esp-elf/bin/ld.exe: esp-idf/hostBootloader/libhostBootloader.a(hostBootloader.c.obj): in function `min_tx_space':
D:/esp/esp_OTA_SMT32/component/hostBootloader/hostBootloader.c:15: multiple definition of `min_tx_space'; esp-idf/main/libmain.a(esp_OTA_SMT32.c.obj):D:/esp/esp_OTA_SMT32/main/esp_OTA_SMT32.c:16: first defined here
C:/Espressif/tools/xtensa-esp-elf/esp-13.2.0_20240530/xtensa-esp-elf/bin/../lib/gcc/xtensa-esp-elf/13.2.0/../../../../xtensa-esp-elf/bin/ld.exe: esp-idf/hostBootloader/libhostBootloader.a(hostBootloader.c.obj): in function `min_tx_byte':
D:/esp/esp_OTA_SMT32/component/hostBootloader/hostBootloader.c:18: multiple definition of `min_tx_byte'; esp-idf/main/libmain.a(esp_OTA_SMT32.c.obj):D:/esp/esp_OTA_SMT32/main/esp_OTA_SMT32.c:19: first defined here
C:/Espressif/tools/xtensa-esp-elf/esp-13.2.0_20240530/xtensa-esp-elf/bin/../lib/gcc/xtensa-esp-elf/13.2.0/../../../../xtensa-esp-elf/bin/ld.exe: esp-idf/hostBootloader/libhostBootloader.a(hostBootloader.c.obj): in function `min_time_ms':
D:/esp/esp_OTA_SMT32/component/hostBootloader/hostBootloader.c:22: multiple definition of `min_time_ms'; esp-idf/main/libmain.a(esp_OTA_SMT32.c.obj):D:/esp/esp_OTA_SMT32/main/esp_OTA_SMT32.c:23: first defined here
C:/Espressif/tools/xtensa-esp-elf/esp-13.2.0_20240530/xtensa-esp-elf/bin/../lib/gcc/xtensa-esp-elf/13.2.0/../../../../xtensa-esp-elf/bin/ld.exe: esp-idf/hostBootloader/libhostBootloader.a(hostBootloader.c.obj): in function `min_application_handler':
D:/esp/esp_OTA_SMT32/component/hostBootloader/hostBootloader.c:27: multiple definition of `min_application_handler'; esp-idf/main/libmain.a(esp_OTA_SMT32.c.obj):D:/esp/esp_OTA_SMT32/main/esp_OTA_SMT32.c:28: first defined here
C:/Espressif/tools/xtensa-esp-elf/esp-13.2.0_20240530/xtensa-esp-elf/bin/../lib/gcc/xtensa-esp-elf/13.2.0/../../../../xtensa-esp-elf/bin/ld.exe: esp-idf/hostBootloader/libhostBootloader.a(hostBootloader.c.obj):D:/esp/esp_OTA_SMT32/component/hostBootloader/hostBootloader.c:6: multiple definition of `minctx'; esp-idf/main/libmain.a(esp_OTA_SMT32.c.obj):D:/esp/esp_OTA_SMT32/main/esp_OTA_SMT32.c:7: first defined here
C:/Espressif/tools/xtensa-esp-elf/esp-13.2.0_20240530/xtensa-esp-elf/bin/../lib/gcc/xtensa-esp-elf/13.2.0/../../../../xtensa-esp-elf/bin/ld.exe: esp-idf/hostBootloader/libhostBootloader.a(hostBootloader.c.obj):(.literal.initMin+0x4): undefined reference to `min_init_context'
C:/Espressif/tools/xtensa-esp-elf/esp-13.2.0_20240530/xtensa-esp-elf/bin/../lib/gcc/xtensa-esp-elf/13.2.0/../../../../xtensa-esp-elf/bin/ld.exe: esp-idf/hostBootloader/libhostBootloader.a(hostBootloader.c.obj):(.literal.booLoader_send_data+0x0): undefined reference to `min_send_frame'
C:/Espressif/tools/xtensa-esp-elf/esp-13.2.0_20240530/xtensa-esp-elf/bin/../lib/gcc/xtensa-esp-elf/13.2.0/../../../../xtensa-esp-elf/bin/ld.exe: esp-idf/hostBootloader/libhostBootloader.a(hostBootloader.c.obj): in function `initMin':
D:/esp/esp_OTA_SMT32/component/hostBootloader/hostBootloader.c:34:(.text.initMin+0xc): undefined reference to `min_init_context'
C:/Espressif/tools/xtensa-esp-elf/esp-13.2.0_20240530/xtensa-esp-elf/bin/../lib/gcc/xtensa-esp-elf/13.2.0/../../../../xtensa-esp-elf/bin/ld.exe: esp-idf/hostBootloader/libhostBootloader.a(hostBootloader.c.obj): in function `booLoader_send_data':
D:/esp/esp_OTA_SMT32/component/hostBootloader/hostBootloader.c:59:(.text.booLoader_send_data+0xe): undefined reference to `min_send_frame'
collect2.exe: error: ld returned 1 exit status
ninja: build stopped: subcommand failed.
